# JRE version: OpenJDK Runtime Environment (21.0.7) (build 21.0.7+-13880790-b1038.58)
# Java VM: OpenJDK 64-Bit Server VM (21.0.7+-13880790-b1038.58, mixed mode, tiered, compressed oops, compressed class ptrs, g1 gc, windows-amd64)
GC Precious Log:
 CardTable entry size: 512
 Card Set container configuration: InlinePtr #cards 5 size 8 Array Of Cards #cards 12 size 40 Howl #buckets 4 coarsen threshold 1843 Howl Bitmap #cards 512 size 80 coarsen threshold 460 Card regions per heap region 1 cards per card region 2048
 CPUs: 12 total, 12 available
 Memory: 16232M
 Large Page Support: Disabled
 NUMA Support: Disabled
 Compressed Oops: Enabled (32-bit)
 Heap Region Size: 1M
 Heap Min Capacity: 8M
 Heap Initial Capacity: 254M
 Heap Max Capacity: 2G
 Pre-touch: Disabled
 Parallel Workers: 10
 Concurrent Workers: 3
 Concurrent Refinement Workers: 10
 Periodic GC: Disabled
Heap:
 garbage-first heap   total 301056K, used 249485K [0x0000000080000000, 0x0000000100000000)
  region size 1024K, 55 young (56320K), 11 survivors (11264K)
 Metaspace       used 152591K, committed 154880K, reserved 1245184K
  class space    used 19733K, committed 20864K, reserved 1048576K
GC Heap History (20 events):
Event: 18.180 GC heap before
{Heap before GC invocations=45 (full 0):
 garbage-first heap   total 245760K, used 220771K [0x0000000080000000, 0x0000000100000000)
  region size 1024K, 76 young (77824K), 2 survivors (2048K)
 Metaspace       used 143564K, committed 145856K, reserved 1179648K
  class space    used 18732K, committed 19840K, reserved 1048576K
}
Event: 18.186 GC heap after
{Heap after GC invocations=46 (full 0):
 garbage-first heap   total 245760K, used 150097K [0x0000000080000000, 0x0000000100000000)
  region size 1024K, 6 young (6144K), 6 survivors (6144K)
 Metaspace       used 143564K, committed 145856K, reserved 1179648K
  class space    used 18732K, committed 19840K, reserved 1048576K
}
Event: 22.671 GC heap before
{Heap before GC invocations=46 (full 0):
 garbage-first heap   total 245760K, used 224849K [0x0000000080000000, 0x0000000100000000)
  region size 1024K, 80 young (81920K), 6 survivors (6144K)
 Metaspace       used 151419K, committed 153664K, reserved 1245184K
  class space    used 19632K, committed 20736K, reserved 1048576K
}
Event: 22.681 GC heap after
{Heap after GC invocations=47 (full 0):
 garbage-first heap   total 245760K, used 155828K [0x0000000080000000, 0x0000000100000000)
  region size 1024K, 10 young (10240K), 10 survivors (10240K)
 Metaspace       used 151419K, committed 153664K, reserved 1245184K
  class space    used 19632K, committed 20736K, reserved 1048576K
}
Event: 24.661 GC heap before
{Heap before GC invocations=47 (full 0):
 garbage-first heap   total 245760K, used 221364K [0x0000000080000000, 0x0000000100000000)
  region size 1024K, 75 young (76800K), 10 survivors (10240K)
 Metaspace       used 151548K, committed 153792K, reserved 1245184K
  class space    used 19632K, committed 20736K, reserved 1048576K
}
Event: 24.677 GC heap after
{Heap after GC invocations=48 (full 0):
 garbage-first heap   total 245760K, used 161462K [0x0000000080000000, 0x0000000100000000)
  region size 1024K, 6 young (6144K), 6 survivors (6144K)
 Metaspace       used 151548K, committed 153792K, reserved 1245184K
  class space    used 19632K, committed 20736K, reserved 1048576K
}
Event: 25.501 GC heap before
{Heap before GC invocations=49 (full 0):
 garbage-first heap   total 271360K, used 224950K [0x0000000080000000, 0x0000000100000000)
  region size 1024K, 67 young (68608K), 6 survivors (6144K)
 Metaspace       used 151943K, committed 154240K, reserved 1245184K
  class space    used 19695K, committed 20800K, reserved 1048576K
}
Event: 25.511 GC heap after
{Heap after GC invocations=50 (full 0):
 garbage-first heap   total 271360K, used 166286K [0x0000000080000000, 0x0000000100000000)
  region size 1024K, 9 young (9216K), 9 survivors (9216K)
 Metaspace       used 151943K, committed 154240K, reserved 1245184K
  class space    used 19695K, committed 20800K, reserved 1048576K
}
Event: 25.766 GC heap before
{Heap before GC invocations=50 (full 0):
 garbage-first heap   total 271360K, used 245134K [0x0000000080000000, 0x0000000100000000)
  region size 1024K, 88 young (90112K), 9 survivors (9216K)
 Metaspace       used 152016K, committed 154304K, reserved 1245184K
  class space    used 19695K, committed 20800K, reserved 1048576K
}
Event: 25.775 GC heap after
{Heap after GC invocations=51 (full 0):
 garbage-first heap   total 271360K, used 168846K [0x0000000080000000, 0x0000000100000000)
  region size 1024K, 8 young (8192K), 8 survivors (8192K)
 Metaspace       used 152016K, committed 154304K, reserved 1245184K
  class space    used 19695K, committed 20800K, reserved 1048576K
}
Event: 26.120 GC heap before
{Heap before GC invocations=51 (full 0):
 garbage-first heap   total 271360K, used 248718K [0x0000000080000000, 0x0000000100000000)
  region size 1024K, 86 young (88064K), 8 survivors (8192K)
 Metaspace       used 152143K, committed 154368K, reserved 1245184K
  class space    used 19696K, committed 20800K, reserved 1048576K
}
Event: 26.126 GC heap after
{Heap after GC invocations=52 (full 0):
 garbage-first heap   total 271360K, used 169298K [0x0000000080000000, 0x0000000100000000)
  region size 1024K, 8 young (8192K), 8 survivors (8192K)
 Metaspace       used 152143K, committed 154368K, reserved 1245184K
  class space    used 19696K, committed 20800K, reserved 1048576K
}
Event: 26.308 GC heap before
{Heap before GC invocations=52 (full 0):
 garbage-first heap   total 271360K, used 247122K [0x0000000080000000, 0x0000000100000000)
  region size 1024K, 85 young (87040K), 8 survivors (8192K)
 Metaspace       used 152164K, committed 154432K, reserved 1245184K
  class space    used 19696K, committed 20800K, reserved 1048576K
}
Event: 26.312 GC heap after
{Heap after GC invocations=53 (full 0):
 garbage-first heap   total 271360K, used 171387K [0x0000000080000000, 0x0000000100000000)
  region size 1024K, 7 young (7168K), 7 survivors (7168K)
 Metaspace       used 152164K, committed 154432K, reserved 1245184K
  class space    used 19696K, committed 20800K, reserved 1048576K
}
Event: 26.560 GC heap before
{Heap before GC invocations=54 (full 0):
 garbage-first heap   total 286720K, used 248187K [0x0000000080000000, 0x0000000100000000)
  region size 1024K, 83 young (84992K), 7 survivors (7168K)
 Metaspace       used 152178K, committed 154496K, reserved 1245184K
  class space    used 19696K, committed 20800K, reserved 1048576K
}
Event: 26.564 GC heap after
{Heap after GC invocations=55 (full 0):
 garbage-first heap   total 286720K, used 172932K [0x0000000080000000, 0x0000000100000000)
  region size 1024K, 6 young (6144K), 6 survivors (6144K)
 Metaspace       used 152178K, committed 154496K, reserved 1245184K
  class space    used 19696K, committed 20800K, reserved 1048576K
}
Event: 27.144 GC heap before
{Heap before GC invocations=55 (full 0):
 garbage-first heap   total 286720K, used 264068K [0x0000000080000000, 0x0000000100000000)
  region size 1024K, 96 young (98304K), 6 survivors (6144K)
 Metaspace       used 152300K, committed 154560K, reserved 1245184K
  class space    used 19702K, committed 20800K, reserved 1048576K
}
Event: 27.153 GC heap after
{Heap after GC invocations=56 (full 0):
 garbage-first heap   total 286720K, used 182144K [0x0000000080000000, 0x0000000100000000)
  region size 1024K, 12 young (12288K), 12 survivors (12288K)
 Metaspace       used 152300K, committed 154560K, reserved 1245184K
  class space    used 19702K, committed 20800K, reserved 1048576K
}
Event: 27.570 GC heap before
{Heap before GC invocations=56 (full 0):
 garbage-first heap   total 286720K, used 260992K [0x0000000080000000, 0x0000000100000000)
  region size 1024K, 88 young (90112K), 12 survivors (12288K)
 Metaspace       used 152310K, committed 154560K, reserved 1245184K
  class space    used 19704K, committed 20800K, reserved 1048576K
}
Event: 27.609 GC heap after
{Heap after GC invocations=57 (full 0):
 garbage-first heap   total 301056K, used 206477K [0x0000000080000000, 0x0000000100000000)
  region size 1024K, 11 young (11264K), 11 survivors (11264K)
 Metaspace       used 152310K, committed 154560K, reserved 1245184K
  class space    used 19704K, committed 20800K, reserved 1048576K
}

